src/RootAppRouter.tsx:36:26 lint/suspicious/noExplicitAny ━━━━━━━━━━

  ! Unexpected any. Specify a different type.
  
    35 │ export const history = createRouterHistory(router);
  > 36 │ setAppHistory(history as any);
       │                          ^^^
    37 │ 
    38 │ export function RootAppRouter(): React.ReactElement {
  
  i any disables many type checking rules. Its use should be avoided.
  

src/apiclient.d.ts:82:98 lint/suspicious/noExplicitAny ━━━━━━━━━━

  ! Unexpected any. Specify a different type.
  
    80 │             refreshLibrary?: boolean
    81 │         ): Promise<void>;
  > 82 │         addVirtualFolder(name: string, type?: string, refreshLibrary?: boolean, libraryOptions?: any): Promise<void>;
       │                                                                                                  ^^^
    83 │         ajax(request: any): Promise<any>;
    84 │         appName(): string;
  
  i any disables many type checking rules. Its use should be avoided.
  

src/apiclient.d.ts:83:23 lint/suspicious/noExplicitAny ━━━━━━━━━━

  ! Unexpected any. Specify a different type.
  
    81 │         ): Promise<void>;
    82 │         addVirtualFolder(name: string, type?: string, refreshLibrary?: boolean, libraryOptions?: any): Promise<void>;
  > 83 │         ajax(request: any): Promise<any>;
       │                       ^^^
    84 │         appName(): string;
    85 │         appVersion(): string;
  
  i any disables many type checking rules. Its use should be avoided.
  

src/apiclient.d.ts:83:37 lint/suspicious/noExplicitAny ━━━━━━━━━━

  ! Unexpected any. Specify a different type.
  
    81 │         ): Promise<void>;
    82 │         addVirtualFolder(name: string, type?: string, refreshLibrary?: boolean, libraryOptions?: any): Promise<void>;
  > 83 │         ajax(request: any): Promise<any>;
       │                                     ^^^
    84 │         appName(): string;
    85 │         appVersion(): string;
  
  i any disables many type checking rules. Its use should be avoided.
  

src/apiclient.d.ts:95:37 lint/suspicious/noExplicitAny ━━━━━━━━━━

  ! Unexpected any. Specify a different type.
  
    93 │         createLiveTvSeriesTimer(item: SeriesTimerInfoDto): Promise<void>;
    94 │         createLiveTvTimer(item: TimerInfoDto): Promise<void>;
  > 95 │         createPackageReview(review: any): Promise<any>;
       │                                     ^^^
    96 │         createSyncPlayGroup(options?: NewGroupRequestDto): Promise<void>;
    97 │         createUser(user: UserDto): Promise<UserDto>;
  
  i any disables many type checking rules. Its use should be avoided.
  

src/apiclient.d.ts:95:51 lint/suspicious/noExplicitAny ━━━━━━━━━━

  ! Unexpected any. Specify a different type.
  
    93 │         createLiveTvSeriesTimer(item: SeriesTimerInfoDto): Promise<void>;
    94 │         createLiveTvTimer(item: TimerInfoDto): Promise<void>;
  > 95 │         createPackageReview(review: any): Promise<any>;
       │                                                   ^^^
    96 │         createSyncPlayGroup(options?: NewGroupRequestDto): Promise<void>;
    97 │         createUser(user: UserDto): Promise<UserDto>;
  
  i any disables many type checking rules. Its use should be avoided.
  

src/apiclient.d.ts:108:38 lint/suspicious/noExplicitAny ━━━━━━━━━━

  ! Unexpected any. Specify a different type.
  
    106 │         deviceName(): string;
    107 │         disablePlugin(id: string, version: string): Promise<void>;
  > 108 │         downloadRemoteImage(options: any): Promise<void>;
        │                                      ^^^
    109 │         enablePlugin(id: string, version: string): Promise<void>;
    110 │         encodeName(name: string): string;
  
  i any disables many type checking rules. Its use should be avoided.
  

src/apiclient.d.ts:112:24 lint/suspicious/noExplicitAny ━━━━━━━━━━

  ! Unexpected any. Specify a different type.
  
    110 │         encodeName(name: string): string;
    111 │         ensureWebSocket(): void;
  > 112 │         fetch(request: any, includeAuthorization?: boolean): Promise<any>;
        │                        ^^^
    113 │         fetchWithFailover(request: any, enableReconnection?: boolean): Promise<any>;
    114 │         getAdditionalVideoParts(userId?: string, itemId: string): Promise<BaseItemDtoQueryResult>;
  
  i any disables many type checking rules. Its use should be avoided.
  

src/apiclient.d.ts:112:70 lint/suspicious/noExplicitAny ━━━━━━━━━━

  ! Unexpected any. Specify a different type.
  
    110 │         encodeName(name: string): string;
    111 │         ensureWebSocket(): void;
  > 112 │         fetch(request: any, includeAuthorization?: boolean): Promise<any>;
        │                                                                      ^^^
    113 │         fetchWithFailover(request: any, enableReconnection?: boolean): Promise<any>;
    114 │         getAdditionalVideoParts(userId?: string, itemId: string): Promise<BaseItemDtoQueryResult>;
  
  i any disables many type checking rules. Its use should be avoided.
  

src/apiclient.d.ts:113:36 lint/suspicious/noExplicitAny ━━━━━━━━━━

  ! Unexpected any. Specify a different type.
  
    111 │         ensureWebSocket(): void;
    112 │         fetch(request: any, includeAuthorization?: boolean): Promise<any>;
  > 113 │         fetchWithFailover(request: any, enableReconnection?: boolean): Promise<any>;
        │                                    ^^^
    114 │         getAdditionalVideoParts(userId?: string, itemId: string): Promise<BaseItemDtoQueryResult>;
    115 │         getAlbumArtists(userId: string, options?: any): Promise<BaseItemDtoQueryResult>;
  
  i any disables many type checking rules. Its use should be avoided.
  

src/apiclient.d.ts:113:80 lint/suspicious/noExplicitAny ━━━━━━━━━━

  ! Unexpected any. Specify a different type.
  
    111 │         ensureWebSocket(): void;
    112 │         fetch(request: any, includeAuthorization?: boolean): Promise<any>;
  > 113 │         fetchWithFailover(request: any, enableReconnection?: boolean): Promise<any>;
        │                                                                                ^^^
    114 │         getAdditionalVideoParts(userId?: string, itemId: string): Promise<BaseItemDtoQueryResult>;
    115 │         getAlbumArtists(userId: string, options?: any): Promise<BaseItemDtoQueryResult>;
  
  i any disables many type checking rules. Its use should be avoided.
  

src/apiclient.d.ts:115:51 lint/suspicious/noExplicitAny ━━━━━━━━━━

  ! Unexpected any. Specify a different type.
  
    113 │         fetchWithFailover(request: any, enableReconnection?: boolean): Promise<any>;
    114 │         getAdditionalVideoParts(userId?: string, itemId: string): Promise<BaseItemDtoQueryResult>;
  > 115 │         getAlbumArtists(userId: string, options?: any): Promise<BaseItemDtoQueryResult>;
        │                                                   ^^^
    116 │         getAncestorItems(itemId: string, userId?: string): Promise<BaseItemDto[]>;
    117 │         getArtist(name: string, userId?: string): Promise<BaseItemDto>;
  
  i any disables many type checking rules. Its use should be avoided.
  

src/apiclient.d.ts:118:46 lint/suspicious/noExplicitAny ━━━━━━━━━━

  ! Unexpected any. Specify a different type.
  
    116 │         getAncestorItems(itemId: string, userId?: string): Promise<BaseItemDto[]>;
    117 │         getArtist(name: string, userId?: string): Promise<BaseItemDto>;
  > 118 │         getArtists(userId: string, options?: any): Promise<BaseItemDtoQueryResult>;
        │                                              ^^^
    119 │         getAvailablePlugins(options?: any): Promise<PluginInfo[]>;
    120 │         getAvailableRemoteImages(options: any): Promise<RemoteImageResult>;
  
  i any disables many type checking rules. Its use should be avoided.
  

src/apiclient.d.ts:119:39 lint/suspicious/noExplicitAny ━━━━━━━━━━

  ! Unexpected any. Specify a different type.
  
    117 │         getArtist(name: string, userId?: string): Promise<BaseItemDto>;
    118 │         getArtists(userId: string, options?: any): Promise<BaseItemDtoQueryResult>;
  > 119 │         getAvailablePlugins(options?: any): Promise<PluginInfo[]>;
        │                                       ^^^
    120 │         getAvailableRemoteImages(options: any): Promise<RemoteImageResult>;
    121 │         getContentUploadHistory(): Promise<any>;
  
  i any disables many type checking rules. Its use should be avoided.
  

src/apiclient.d.ts:120:43 lint/suspicious/noExplicitAny ━━━━━━━━━━

  ! Unexpected any. Specify a different type.
  
    118 │         getArtists(userId: string, options?: any): Promise<BaseItemDtoQueryResult>;
    119 │         getAvailablePlugins(options?: any): Promise<PluginInfo[]>;
  > 120 │         getAvailableRemoteImages(options: any): Promise<RemoteImageResult>;
        │                                           ^^^
    121 │         getContentUploadHistory(): Promise<any>;
    122 │         getCountries(): Promise<CountryInfo[]>;
  
  i any disables many type checking rules. Its use should be avoided.
  

src/apiclient.d.ts:121:44 lint/suspicious/noExplicitAny ━━━━━━━━━━

  ! Unexpected any. Specify a different type.
  
    119 │         getAvailablePlugins(options?: any): Promise<PluginInfo[]>;
    120 │         getAvailableRemoteImages(options: any): Promise<RemoteImageResult>;
  > 121 │         getContentUploadHistory(): Promise<any>;
        │                                            ^^^
    122 │         getCountries(): Promise<CountryInfo[]>;
    123 │         getCriticReviews(itemId: string, options?: any): Promise<BaseItemDtoQueryResult>;
  
  i any disables many type checking rules. Its use should be avoided.
  

src/apiclient.d.ts:123:52 lint/suspicious/noExplicitAny ━━━━━━━━━━

  ! Unexpected any. Specify a different type.
  
    121 │         getContentUploadHistory(): Promise<any>;
    122 │         getCountries(): Promise<CountryInfo[]>;
  > 123 │         getCriticReviews(itemId: string, options?: any): Promise<BaseItemDtoQueryResult>;
        │                                                    ^^^
    124 │         getCultures(): Promise<CultureDto[]>;
    125 │         getCurrentUser(cache?: boolean): Promise<UserDto>;
  
  i any disables many type checking rules. Its use should be avoided.
  

src/apiclient.d.ts:130:54 lint/suspicious/noExplicitAny ━━━━━━━━━━

  ! Unexpected any. Specify a different type.
  
    128 │         getDefaultImageQuality(imageType: ImageType): number;
    129 │         getDevicesOptions(): Promise<DeviceOptions>;
  > 130 │         getDirectoryContents(path: string, options?: any): Promise<FileSystemEntryInfo[]>;
        │                                                      ^^^
    131 │         getDisplayPreferences(id: string, userId: string, app: string): Promise<DisplayPreferencesDto>;
    132 │         getDownloadSpeed(byteSize: number): Promise<number>;
  
  i any disables many type checking rules. Its use should be avoided.
  

src/apiclient.d.ts:135:47 lint/suspicious/noExplicitAny ━━━━━━━━━━

  ! Unexpected any. Specify a different type.
  
    133 │         getDrives(): Promise<FileSystemEntryInfo[]>;
    134 │         getEndpointInfo(): Promise<EndPointInfo>;
  > 135 │         getEpisodes(itemId: string, options?: any): Promise<BaseItemDtoQueryResult>;
        │                                               ^^^
    136 │         getFilters(options?: any): Promise<QueryFiltersLegacy>;
    137 │         getGenre(name: string, userId?: string): Promise<BaseItemDto>;
  
  i any disables many type checking rules. Its use should be avoided.
  

src/vitest.setup.ts:38:6 lint/suspicious/noExplicitAny ━━━━━━━━━━

  ! Unexpected any. Specify a different type.
  
    36 │     addEventListener = vi.fn();
    37 │     removeEventListener = vi.fn();
  > 38 │ } as any;
       │      ^^^
    39 │ 
    40 │ // Mock matchMedia
  
  i any disables many type checking rules. Its use should be avoided.
  

Skipped 39 suggested fixes.
If you wish to apply the suggested (unsafe) fixes, use the command biome check --write --unsafe

The number of diagnostics exceeds the limit allowed. Use --max-diagnostics to increase it.
Diagnostics not shown: 5085.
Checked 2655 files in 1150ms. Fixed 1552 files.
Found 2984 errors.
Found 2121 warnings.
check ━━━━━━━━━━━━━━━━━━━━━━━━━━━━━━━━━━━━━

  × Some errors were emitted while applying fixes.
  

