src/RootAppRouter.tsx:36:26 lint/suspicious/noExplicitAny ━━━━━━━━━━

  ! Unexpected any. Specify a different type.
  
    35 │ export const history = createRouterHistory(router);
  > 36 │ setAppHistory(history as any);
       │                          ^^^
    37 │ 
    38 │ export function RootAppRouter(): React.ReactElement {
  
  i any disables many type checking rules. Its use should be avoided.
  

src/apiclient.d.ts:92:30 lint/suspicious/noExplicitAny ━━━━━━━━━━

  ! Unexpected any. Specify a different type.
  
    90 │             type?: string,
    91 │             refreshLibrary?: boolean,
  > 92 │             libraryOptions?: any
       │                              ^^^
    93 │         ): Promise<void>;
    94 │         ajax(request: any): Promise<any>;
  
  i any disables many type checking rules. Its use should be avoided.
  

src/apiclient.d.ts:94:23 lint/suspicious/noExplicitAny ━━━━━━━━━━

  ! Unexpected any. Specify a different type.
  
    92 │             libraryOptions?: any
    93 │         ): Promise<void>;
  > 94 │         ajax(request: any): Promise<any>;
       │                       ^^^
    95 │         appName(): string;
    96 │         appVersion(): string;
  
  i any disables many type checking rules. Its use should be avoided.
  

src/apiclient.d.ts:94:37 lint/suspicious/noExplicitAny ━━━━━━━━━━

  ! Unexpected any. Specify a different type.
  
    92 │             libraryOptions?: any
    93 │         ): Promise<void>;
  > 94 │         ajax(request: any): Promise<any>;
       │                                     ^^^
    95 │         appName(): string;
    96 │         appVersion(): string;
  
  i any disables many type checking rules. Its use should be avoided.
  

src/apiclient.d.ts:106:37 lint/suspicious/noExplicitAny ━━━━━━━━━━

  ! Unexpected any. Specify a different type.
  
    104 │         createLiveTvSeriesTimer(item: SeriesTimerInfoDto): Promise<void>;
    105 │         createLiveTvTimer(item: TimerInfoDto): Promise<void>;
  > 106 │         createPackageReview(review: any): Promise<any>;
        │                                     ^^^
    107 │         createSyncPlayGroup(options?: NewGroupRequestDto): Promise<void>;
    108 │         createUser(user: UserDto): Promise<UserDto>;
  
  i any disables many type checking rules. Its use should be avoided.
  

src/apiclient.d.ts:106:51 lint/suspicious/noExplicitAny ━━━━━━━━━━

  ! Unexpected any. Specify a different type.
  
    104 │         createLiveTvSeriesTimer(item: SeriesTimerInfoDto): Promise<void>;
    105 │         createLiveTvTimer(item: TimerInfoDto): Promise<void>;
  > 106 │         createPackageReview(review: any): Promise<any>;
        │                                                   ^^^
    107 │         createSyncPlayGroup(options?: NewGroupRequestDto): Promise<void>;
    108 │         createUser(user: UserDto): Promise<UserDto>;
  
  i any disables many type checking rules. Its use should be avoided.
  

src/apiclient.d.ts:119:38 lint/suspicious/noExplicitAny ━━━━━━━━━━

  ! Unexpected any. Specify a different type.
  
    117 │         deviceName(): string;
    118 │         disablePlugin(id: string, version: string): Promise<void>;
  > 119 │         downloadRemoteImage(options: any): Promise<void>;
        │                                      ^^^
    120 │         enablePlugin(id: string, version: string): Promise<void>;
    121 │         encodeName(name: string): string;
  
  i any disables many type checking rules. Its use should be avoided.
  

src/apiclient.d.ts:123:24 lint/suspicious/noExplicitAny ━━━━━━━━━━

  ! Unexpected any. Specify a different type.
  
    121 │         encodeName(name: string): string;
    122 │         ensureWebSocket(): void;
  > 123 │         fetch(request: any, includeAuthorization?: boolean): Promise<any>;
        │                        ^^^
    124 │         fetchWithFailover(request: any, enableReconnection?: boolean): Promise<any>;
    125 │         getAdditionalVideoParts(userId?: string, itemId: string): Promise<BaseItemDtoQueryResult>;
  
  i any disables many type checking rules. Its use should be avoided.
  

src/apiclient.d.ts:123:70 lint/suspicious/noExplicitAny ━━━━━━━━━━

  ! Unexpected any. Specify a different type.
  
    121 │         encodeName(name: string): string;
    122 │         ensureWebSocket(): void;
  > 123 │         fetch(request: any, includeAuthorization?: boolean): Promise<any>;
        │                                                                      ^^^
    124 │         fetchWithFailover(request: any, enableReconnection?: boolean): Promise<any>;
    125 │         getAdditionalVideoParts(userId?: string, itemId: string): Promise<BaseItemDtoQueryResult>;
  
  i any disables many type checking rules. Its use should be avoided.
  

src/apiclient.d.ts:124:36 lint/suspicious/noExplicitAny ━━━━━━━━━━

  ! Unexpected any. Specify a different type.
  
    122 │         ensureWebSocket(): void;
    123 │         fetch(request: any, includeAuthorization?: boolean): Promise<any>;
  > 124 │         fetchWithFailover(request: any, enableReconnection?: boolean): Promise<any>;
        │                                    ^^^
    125 │         getAdditionalVideoParts(userId?: string, itemId: string): Promise<BaseItemDtoQueryResult>;
    126 │         getAlbumArtists(userId: string, options?: any): Promise<BaseItemDtoQueryResult>;
  
  i any disables many type checking rules. Its use should be avoided.
  

src/apiclient.d.ts:124:80 lint/suspicious/noExplicitAny ━━━━━━━━━━

  ! Unexpected any. Specify a different type.
  
    122 │         ensureWebSocket(): void;
    123 │         fetch(request: any, includeAuthorization?: boolean): Promise<any>;
  > 124 │         fetchWithFailover(request: any, enableReconnection?: boolean): Promise<any>;
        │                                                                                ^^^
    125 │         getAdditionalVideoParts(userId?: string, itemId: string): Promise<BaseItemDtoQueryResult>;
    126 │         getAlbumArtists(userId: string, options?: any): Promise<BaseItemDtoQueryResult>;
  
  i any disables many type checking rules. Its use should be avoided.
  

src/vitest.setup.ts:38:6 lint/suspicious/noExplicitAny ━━━━━━━━━━

  ! Unexpected any. Specify a different type.
  
    36 │     addEventListener = vi.fn();
    37 │     removeEventListener = vi.fn();
  > 38 │ } as any;
       │      ^^^
    39 │ 
    40 │ // Mock matchMedia
  
  i any disables many type checking rules. Its use should be avoided.
  

src/apps/dashboard/components/widgets/ServerInfoWidget.tsx:70:54 lint/correctness/noUndeclaredVariables ━━━━━━━━━━

  × The __PACKAGE_JSON_VERSION__ variable is undeclared.
  
    68 │                                     <Text size="sm">{systemInfo?.ServerName}</Text>
    69 │                                     <Text size="sm">{systemInfo?.Version}</Text>
  > 70 │                                     <Text size="sm">{__PACKAGE_JSON_VERSION__}</Text>
       │                                                      ^^^^^^^^^^^^^^^^^^^^^^^^
    71 │                                     <Text size="sm">{__JF_BUILD_VERSION__}</Text>
    72 │                                 </>
  
  i By default, Biome recognizes browser and Node.js globals.
    You can ignore more globals using the javascript.globals configuration.
  

src/apps/dashboard/components/widgets/ServerInfoWidget.tsx:71:54 lint/correctness/noUndeclaredVariables ━━━━━━━━━━

  × The __JF_BUILD_VERSION__ variable is undeclared.
  
    69 │                                     <Text size="sm">{systemInfo?.Version}</Text>
    70 │                                     <Text size="sm">{__PACKAGE_JSON_VERSION__}</Text>
  > 71 │                                     <Text size="sm">{__JF_BUILD_VERSION__}</Text>
       │                                                      ^^^^^^^^^^^^^^^^^^^^
    72 │                                 </>
    73 │                             )}
  
  i By default, Biome recognizes browser and Node.js globals.
    You can ignore more globals using the javascript.globals configuration.
  

src/apps/dashboard/controllers/livetvtuner.js:16:12 lint/correctness/noUndeclaredVariables ━━━━━━━━━━

  × The ApiClient variable is undeclared.
  
    15 │ function fillTypes(view, currentId) {
  > 16 │     return ApiClient.getJSON(ApiClient.getUrl('LiveTv/TunerHosts/Types')).then((types) => {
       │            ^^^^^^^^^
    17 │         const selectType = view.querySelector('.selectType');
    18 │         let html = '';
  
  i By default, Biome recognizes browser and Node.js globals.
    You can ignore more globals using the javascript.globals configuration.
  

src/apps/dashboard/controllers/livetvtuner.js:16:30 lint/correctness/noUndeclaredVariables ━━━━━━━━━━

  × The ApiClient variable is undeclared.
  
    15 │ function fillTypes(view, currentId) {
  > 16 │     return ApiClient.getJSON(ApiClient.getUrl('LiveTv/TunerHosts/Types')).then((types) => {
       │                              ^^^^^^^^^
    17 │         const selectType = view.querySelector('.selectType');
    18 │         let html = '';
  
  i By default, Biome recognizes browser and Node.js globals.
    You can ignore more globals using the javascript.globals configuration.
  

src/apps/dashboard/controllers/livetvtuner.js:40:9 lint/correctness/noUndeclaredVariables ━━━━━━━━━━

  × The ApiClient variable is undeclared.
  
    39 │     if (providerId) {
  > 40 │         ApiClient.getNamedConfiguration('livetv').then((config) => {
       │         ^^^^^^^^^
    41 │             const info = config.TunerHosts.filter((i) => {
    42 │                 return i.Id === providerId;
  
  i By default, Biome recognizes browser and Node.js globals.
    You can ignore more globals using the javascript.globals configuration.
  

src/apps/dashboard/controllers/livetvtuner.js:106:5 lint/correctness/noUndeclaredVariables ━━━━━━━━━━

  × The ApiClient variable is undeclared.
  
    104 │     }
    105 │ 
  > 106 │     ApiClient.ajax({
        │     ^^^^^^^^^
    107 │         type: 'POST',
    108 │         url: ApiClient.getUrl('LiveTv/TunerHosts'),
  
  i By default, Biome recognizes browser and Node.js globals.
    You can ignore more globals using the javascript.globals configuration.
  

src/apps/dashboard/controllers/livetvtuner.js:108:14 lint/correctness/noUndeclaredVariables ━━━━━━━━━━

  × The ApiClient variable is undeclared.
  
    106 │     ApiClient.ajax({
    107 │         type: 'POST',
  > 108 │         url: ApiClient.getUrl('LiveTv/TunerHosts'),
        │              ^^^^^^^^^
    109 │         data: JSON.stringify(info),
    110 │         contentType: 'application/json'
  
  i By default, Biome recognizes browser and Node.js globals.
    You can ignore more globals using the javascript.globals configuration.
  

src/apps/dashboard/controllers/livetvtuner.js:128:23 lint/correctness/noUndeclaredVariables ━━━━━━━━━━

  × The ApiClient variable is undeclared.
  
    126 │     return import('components/tunerPicker').then(({ default: TunerPicker }) => {
    127 │         return new TunerPicker().show({
  > 128 │             serverId: ApiClient.serverId()
        │                       ^^^^^^^^^
    129 │         });
    130 │     });
  
  i By default, Biome recognizes browser and Node.js globals.
    You can ignore more globals using the javascript.globals configuration.
  

The number of diagnostics exceeds the limit allowed. Use --max-diagnostics to increase it.
Diagnostics not shown: 5087.
Checked 2655 files in 560ms. No fixes applied.
Found 2985 errors.
Found 2122 warnings.
check ━━━━━━━━━━━━━━━━━━━━━━━━━━━━━━━━━━━━━

  × Some errors were emitted while running checks.
  

