src/RootAppRouter.tsx:36:26 lint/suspicious/noExplicitAny ━━━━━━━━━━

  ! Unexpected any. Specify a different type.
  
    35 │ export const history = createRouterHistory(router);
  > 36 │ setAppHistory(history as any);
       │                          ^^^
    37 │ 
    38 │ export function RootAppRouter(): React.ReactElement {
  
  i any disables many type checking rules. Its use should be avoided.
  

src/apiclient.d.ts:82:98 lint/suspicious/noExplicitAny ━━━━━━━━━━

  ! Unexpected any. Specify a different type.
  
    80 │             refreshLibrary?: boolean
    81 │         ): Promise<void>;
  > 82 │         addVirtualFolder(name: string, type?: string, refreshLibrary?: boolean, libraryOptions?: any): Promise<void>;
       │                                                                                                  ^^^
    83 │         ajax(request: any): Promise<any>;
    84 │         appName(): string;
  
  i any disables many type checking rules. Its use should be avoided.
  

src/apiclient.d.ts:83:23 lint/suspicious/noExplicitAny ━━━━━━━━━━

  ! Unexpected any. Specify a different type.
  
    81 │         ): Promise<void>;
    82 │         addVirtualFolder(name: string, type?: string, refreshLibrary?: boolean, libraryOptions?: any): Promise<void>;
  > 83 │         ajax(request: any): Promise<any>;
       │                       ^^^
    84 │         appName(): string;
    85 │         appVersion(): string;
  
  i any disables many type checking rules. Its use should be avoided.
  

src/apiclient.d.ts:83:37 lint/suspicious/noExplicitAny ━━━━━━━━━━

  ! Unexpected any. Specify a different type.
  
    81 │         ): Promise<void>;
    82 │         addVirtualFolder(name: string, type?: string, refreshLibrary?: boolean, libraryOptions?: any): Promise<void>;
  > 83 │         ajax(request: any): Promise<any>;
       │                                     ^^^
    84 │         appName(): string;
    85 │         appVersion(): string;
  
  i any disables many type checking rules. Its use should be avoided.
  

src/apiclient.d.ts:95:37 lint/suspicious/noExplicitAny ━━━━━━━━━━

  ! Unexpected any. Specify a different type.
  
    93 │         createLiveTvSeriesTimer(item: SeriesTimerInfoDto): Promise<void>;
    94 │         createLiveTvTimer(item: TimerInfoDto): Promise<void>;
  > 95 │         createPackageReview(review: any): Promise<any>;
       │                                     ^^^
    96 │         createSyncPlayGroup(options?: NewGroupRequestDto): Promise<void>;
    97 │         createUser(user: UserDto): Promise<UserDto>;
  
  i any disables many type checking rules. Its use should be avoided.
  

src/apiclient.d.ts:95:51 lint/suspicious/noExplicitAny ━━━━━━━━━━

  ! Unexpected any. Specify a different type.
  
    93 │         createLiveTvSeriesTimer(item: SeriesTimerInfoDto): Promise<void>;
    94 │         createLiveTvTimer(item: TimerInfoDto): Promise<void>;
  > 95 │         createPackageReview(review: any): Promise<any>;
       │                                                   ^^^
    96 │         createSyncPlayGroup(options?: NewGroupRequestDto): Promise<void>;
    97 │         createUser(user: UserDto): Promise<UserDto>;
  
  i any disables many type checking rules. Its use should be avoided.
  

src/apiclient.d.ts:108:38 lint/suspicious/noExplicitAny ━━━━━━━━━━

  ! Unexpected any. Specify a different type.
  
    106 │         deviceName(): string;
    107 │         disablePlugin(id: string, version: string): Promise<void>;
  > 108 │         downloadRemoteImage(options: any): Promise<void>;
        │                                      ^^^
    109 │         enablePlugin(id: string, version: string): Promise<void>;
    110 │         encodeName(name: string): string;
  
  i any disables many type checking rules. Its use should be avoided.
  

src/apiclient.d.ts:112:24 lint/suspicious/noExplicitAny ━━━━━━━━━━

  ! Unexpected any. Specify a different type.
  
    110 │         encodeName(name: string): string;
    111 │         ensureWebSocket(): void;
  > 112 │         fetch(request: any, includeAuthorization?: boolean): Promise<any>;
        │                        ^^^
    113 │         fetchWithFailover(request: any, enableReconnection?: boolean): Promise<any>;
    114 │         getAdditionalVideoParts(userId?: string, itemId: string): Promise<BaseItemDtoQueryResult>;
  
  i any disables many type checking rules. Its use should be avoided.
  

src/apiclient.d.ts:112:70 lint/suspicious/noExplicitAny ━━━━━━━━━━

  ! Unexpected any. Specify a different type.
  
    110 │         encodeName(name: string): string;
    111 │         ensureWebSocket(): void;
  > 112 │         fetch(request: any, includeAuthorization?: boolean): Promise<any>;
        │                                                                      ^^^
    113 │         fetchWithFailover(request: any, enableReconnection?: boolean): Promise<any>;
    114 │         getAdditionalVideoParts(userId?: string, itemId: string): Promise<BaseItemDtoQueryResult>;
  
  i any disables many type checking rules. Its use should be avoided.
  

src/apiclient.d.ts:113:36 lint/suspicious/noExplicitAny ━━━━━━━━━━

  ! Unexpected any. Specify a different type.
  
    111 │         ensureWebSocket(): void;
    112 │         fetch(request: any, includeAuthorization?: boolean): Promise<any>;
  > 113 │         fetchWithFailover(request: any, enableReconnection?: boolean): Promise<any>;
        │                                    ^^^
    114 │         getAdditionalVideoParts(userId?: string, itemId: string): Promise<BaseItemDtoQueryResult>;
    115 │         getAlbumArtists(userId: string, options?: any): Promise<BaseItemDtoQueryResult>;
  
  i any disables many type checking rules. Its use should be avoided.
  

src/apiclient.d.ts:113:80 lint/suspicious/noExplicitAny ━━━━━━━━━━

  ! Unexpected any. Specify a different type.
  
    111 │         ensureWebSocket(): void;
    112 │         fetch(request: any, includeAuthorization?: boolean): Promise<any>;
  > 113 │         fetchWithFailover(request: any, enableReconnection?: boolean): Promise<any>;
        │                                                                                ^^^
    114 │         getAdditionalVideoParts(userId?: string, itemId: string): Promise<BaseItemDtoQueryResult>;
    115 │         getAlbumArtists(userId: string, options?: any): Promise<BaseItemDtoQueryResult>;
  
  i any disables many type checking rules. Its use should be avoided.
  

src/apiclient.d.ts:115:51 lint/suspicious/noExplicitAny ━━━━━━━━━━

  ! Unexpected any. Specify a different type.
  
    113 │         fetchWithFailover(request: any, enableReconnection?: boolean): Promise<any>;
    114 │         getAdditionalVideoParts(userId?: string, itemId: string): Promise<BaseItemDtoQueryResult>;
  > 115 │         getAlbumArtists(userId: string, options?: any): Promise<BaseItemDtoQueryResult>;
        │                                                   ^^^
    116 │         getAncestorItems(itemId: string, userId?: string): Promise<BaseItemDto[]>;
    117 │         getArtist(name: string, userId?: string): Promise<BaseItemDto>;
  
  i any disables many type checking rules. Its use should be avoided.
  

src/apiclient.d.ts:118:46 lint/suspicious/noExplicitAny ━━━━━━━━━━

  ! Unexpected any. Specify a different type.
  
    116 │         getAncestorItems(itemId: string, userId?: string): Promise<BaseItemDto[]>;
    117 │         getArtist(name: string, userId?: string): Promise<BaseItemDto>;
  > 118 │         getArtists(userId: string, options?: any): Promise<BaseItemDtoQueryResult>;
        │                                              ^^^
    119 │         getAvailablePlugins(options?: any): Promise<PluginInfo[]>;
    120 │         getAvailableRemoteImages(options: any): Promise<RemoteImageResult>;
  
  i any disables many type checking rules. Its use should be avoided.
  

src/vitest.setup.ts:38:6 lint/suspicious/noExplicitAny ━━━━━━━━━━

  ! Unexpected any. Specify a different type.
  
    36 │     addEventListener = vi.fn();
    37 │     removeEventListener = vi.fn();
  > 38 │ } as any;
       │      ^^^
    39 │ 
    40 │ // Mock matchMedia
  
  i any disables many type checking rules. Its use should be avoided.
  

src/RootApp.tsx:1:1 assist/source/organizeImports  FIXABLE  ━━━━━━━━━━

  × The imports and exports are not sorted.
  
  > 1 │ import { QueryClientProvider } from '@tanstack/react-query';
      │ ^^^^^^^^^^^^^^^^^^^^^^^^^^^^^^^^^^^^^^^^^^^^^^^^^^^^^^^^^^^^
    2 │ import { ReactQueryDevtools } from '@tanstack/react-query-devtools';
    3 │ import React from 'react';
  
  i Safe fix: Organize Imports (Biome)
  
     1    │ - import·{·QueryClientProvider·}·from·'@tanstack/react-query';
     2    │ - import·{·ReactQueryDevtools·}·from·'@tanstack/react-query-devtools';
     3    │ - import·React·from·'react';
        1 │ + import·RootAppRouter·from·'RootAppRouter';
        2 │ + import·{·QueryClientProvider·}·from·'@tanstack/react-query';
        3 │ + import·{·ReactQueryDevtools·}·from·'@tanstack/react-query-devtools';
     4  4 │   
     5  5 │   import { ThemeProvider } from 'components/themeProvider/ThemeProvider';
    ····· │ 
     7  7 │   import { UserSettingsProvider } from 'hooks/useUserSettings';
     8  8 │   import { WebConfigProvider } from 'hooks/useWebConfig';
     9    │ - import·RootAppRouter·from·'RootAppRouter';
        9 │ + import·React·from·'react';
    10 10 │   import browser from 'scripts/browser';
    11 11 │   import { queryClient } from 'utils/query/queryClient';
  

src/apps/dashboard/AppLayout.tsx:1:1 assist/source/organizeImports  FIXABLE  ━━━━━━━━━━

  × The imports and exports are not sorted.
  
  > 1 │ import { Outlet, useLocation } from '@tanstack/react-router';
      │ ^^^^^^^^^^^^^^^^^^^^^^^^^^^^^^^^^^^^^^^^^^^^^^^^^^^^^^^^^^^^^
    2 │ import React, { StrictMode, useCallback, useEffect, useState } from 'react';
    3 │ 
  
  i Safe fix: Organize Imports (Biome)
  
     1  1 │   import { Outlet, useLocation } from '@tanstack/react-router';
     2    │ - import·React,·{·StrictMode,·useCallback,·useEffect,·useState·}·from·'react';
     3    │ - 
     4    │ - import·AppBody·from·'components/AppBody';
     5    │ - import·{·DRAWER_WIDTH·}·from·'components/ResponsiveDrawer';
     6    │ - import·{·appRouter·}·from·'components/router/appRouter';
     7    │ - import·AppToolbar·from·'components/toolbar/AppToolbar';
     8    │ - import·ServerButton·from·'components/toolbar/ServerButton';
     9    │ - import·{·useApi·}·from·'hooks/useApi';
        2 │ + import·AppBody·from·'components/AppBody';
        3 │ + import·{·DRAWER_WIDTH·}·from·'components/ResponsiveDrawer';
        4 │ + import·{·appRouter·}·from·'components/router/appRouter';
        5 │ + import·AppToolbar·from·'components/toolbar/AppToolbar';
        6 │ + import·ServerButton·from·'components/toolbar/ServerButton';
        7 │ + import·{·useApi·}·from·'hooks/useApi';
        8 │ + import·React,·{·StrictMode,·useCallback,·useEffect,·useState·}·from·'react';
    10  9 │   import { vars } from 'styles/tokens.css.ts';
    11 10 │   import { Box, Flex } from 'ui-primitives';
  

src/apps/dashboard/components/AppTabs.tsx:1:1 assist/source/organizeImports  FIXABLE  ━━━━━━━━━━

  × The imports and exports are not sorted.
  
  > 1 │ import { Link } from '@tanstack/react-router';
      │ ^^^^^^^^^^^^^^^^^^^^^^^^^^^^^^^^^^^^^^^^^^^^^^
    2 │ import React, { useCallback, useEffect, useRef, useState } from 'react';
    3 │ 
  
  i Safe fix: Organize Imports (Biome)
  
      1  1 │   import { Link } from '@tanstack/react-router';
      2    │ - import·React,·{·useCallback,·useEffect,·useRef,·useState·}·from·'react';
      3    │ - 
      4    │ - import·{·EventType·}·from·'constants/eventType';
         2 │ + import·{·EventType·}·from·'constants/eventType';
         3 │ + import·React,·{·useCallback,·useEffect,·useRef,·useState·}·from·'react';
      5  4 │   import { vars } from 'styles/tokens.css.ts';
      6    │ - import·{·Tabs,·TabList,·Tab·}·from·'ui-primitives';
         5 │ + import·{·Tab,·TabList,·Tabs·}·from·'ui-primitives';
      7  6 │   import Events from 'utils/events';
      8  7 │   
  

src/apps/dashboard/components/BaseCard.tsx:1:1 assist/source/organizeImports  FIXABLE  ━━━━━━━━━━

  × The imports and exports are not sorted.
  
  > 1 │ import { DotsVerticalIcon } from '@radix-ui/react-icons';
      │ ^^^^^^^^^^^^^^^^^^^^^^^^^^^^^^^^^^^^^^^^^^^^^^^^^^^^^^^^^
    2 │ import { Link, type LinkProps } from '@tanstack/react-router';
    3 │ import React, { useCallback, useMemo } from 'react';
  
  i Safe fix: Organize Imports (Biome)
  
      1   1 │   import { DotsVerticalIcon } from '@radix-ui/react-icons';
      2   2 │   import { Link, type LinkProps } from '@tanstack/react-router';
      3     │ - import·React,·{·useCallback,·useMemo·}·from·'react';
      4     │ - 
      5     │ - import·{·getDefaultBackgroundClass·}·from·'components/cardbuilder/cardBuilderUtils';
          3 │ + import·{·getDefaultBackgroundClass·}·from·'components/cardbuilder/cardBuilderUtils';
          4 │ + import·React,·{·useCallback,·useMemo·}·from·'react';
      6   5 │   import { vars } from 'styles/tokens.css.ts';
      7     │ - import·{·AspectRatio·}·from·'ui-primitives';
      8     │ - import·{·Box,·Flex·}·from·'ui-primitives';
      9     │ - import·{·Card·}·from·'ui-primitives';
     10     │ - import·{·IconButton·}·from·'ui-primitives';
     11     │ - import·{·Heading,·Text·}·from·'ui-primitives';
          6 │ + import·{·AspectRatio,·Box,·Card,·Flex,·Heading,·IconButton,·Text·}·from·'ui-primitives';
     12   7 │   
     13   8 │   interface BaseCardProps {
  

src/apps/dashboard/components/SearchInput.tsx:1:1 assist/source/organizeImports  FIXABLE  ━━━━━━━━━━

  × The imports and exports are not sorted.
  
  > 1 │ import { MagnifyingGlassIcon } from '@radix-ui/react-icons';
      │ ^^^^^^^^^^^^^^^^^^^^^^^^^^^^^^^^^^^^^^^^^^^^^^^^^^^^^^^^^^^^
    2 │ import React from 'react';
    3 │ 
  
  i Safe fix: Organize Imports (Biome)
  
     3  3 │   
     4  4 │   import { vars } from 'styles/tokens.css.ts';
     5    │ - import·{·Box·}·from·'ui-primitives';
     6    │ - import·{·inputStyles·}·from·'ui-primitives';
        5 │ + import·{·Box,·inputStyles·}·from·'ui-primitives';
     7  6 │   
     8  7 │   interface SearchInputProps extends React.InputHTMLAttributes<HTMLInputElement> {
  

src/apps/dashboard/components/Toast.tsx:1:1 assist/source/organizeImports  FIXABLE  ━━━━━━━━━━

  × The imports and exports are not sorted.
  
  > 1 │ import { Cross1Icon } from '@radix-ui/react-icons';
      │ ^^^^^^^^^^^^^^^^^^^^^^^^^^^^^^^^^^^^^^^^^^^^^^^^^^^
    2 │ import React, { useCallback, useEffect } from 'react';
    3 │ 
  
  i Safe fix: Organize Imports (Biome)
  
     3  3 │   
     4  4 │   import { vars } from 'styles/tokens.css.ts';
     5    │ - import·{·Alert·}·from·'ui-primitives';
     6    │ - import·{·IconButton·}·from·'ui-primitives';
        5 │ + import·{·Alert,·IconButton·}·from·'ui-primitives';
     7  6 │   
     8  7 │   interface ToastProps {
  

The number of diagnostics exceeds the limit allowed. Use --max-diagnostics to increase it.
Diagnostics not shown: 7444.
Checked 2655 files in 647ms. No fixes applied.
Found 5321 errors.
Found 2143 warnings.
check ━━━━━━━━━━━━━━━━━━━━━━━━━━━━━━━━━━━━━

  × Some errors were emitted while running checks.
  

